  main.cpp
D:\c++\Jax\Demo\Test1\main.cpp(7,2): error C2065: “JaxArray”: 未声明的标识符
D:\c++\Jax\Demo\Test1\main.cpp(7,14): error C2062: 意外的类型“int”
